<?xml version="1.0" encoding="UTF-8"?>
<!-- Generated by org.testng.reporters.JUnitReportReporter -->
<testsuite hostname="LAPTOP-EBVK06NH" failures="0" tests="1" name="com.gridexchange.testCases.TC_CCLogin_001" time="17.532" errors="0" timestamp="2020-11-16T13:39:29 EST" skipped="0">
  <testcase classname="com.gridexchange.testCases.TC_CCLogin_001" name="ccLoginTest" time="17.532"/>
  <system-out/>
</testsuite> <!-- com.gridexchange.testCases.TC_CCLogin_001 -->
